10:14:35.659 [Worker-57] INFO  o.a.AndroidAnnotationProcessor:85 - Initialize AndroidAnnotations 3.0.1 with options {phase=BUILD}
10:14:35.936 [Worker-57] INFO  o.a.AndroidAnnotationProcessor:109 - Start processing for 4 annotations on 7 elements
10:14:36.116 [Worker-57] DEBUG o.a.h.AndroidManifestFinder:137 - AndroidManifest.xml file found in parent folder D:\TFS_Allpoint_Phase_2\01.Allpoint_phase_2_code: D:\TFS_Allpoint_Phase_2\01.Allpoint_phase_2_code\AndroidManifest.xml
10:14:36.129 [Worker-57] WARN  o.a.h.AndroidManifestFinder:188 - The class application declared in the AndroidManifest.xml cannot be found in the compile path: [com.allpoint.AtmFinderApplication_]
10:14:36.135 [Worker-57] WARN  o.a.h.AndroidManifestFinder:252 - A class activity declared in the AndroidManifest.xml cannot be found in the compile path: [.activities.SplashActivity_]
10:14:36.216 [Worker-57] WARN  o.a.h.AndroidManifestFinder:252 - A class activity declared in the AndroidManifest.xml cannot be found in the compile path: [.activities.tablet.MainActivity_]
10:14:36.219 [Worker-57] WARN  o.a.h.AndroidManifestFinder:252 - A class activity declared in the AndroidManifest.xml cannot be found in the compile path: [.activities.tablet.PointDetailsActivity_]
10:14:36.222 [Worker-57] WARN  o.a.h.AndroidManifestFinder:252 - A class activity declared in the AndroidManifest.xml cannot be found in the compile path: [.activities.tablet.AboutActivity_]
10:14:36.224 [Worker-57] WARN  o.a.h.AndroidManifestFinder:252 - A class activity declared in the AndroidManifest.xml cannot be found in the compile path: [.activities.tablet.MessageActivity_]
10:14:36.226 [Worker-57] WARN  o.a.h.AndroidManifestFinder:252 - A class activity declared in the AndroidManifest.xml cannot be found in the compile path: [.activities.PinMapActivity_]
10:14:36.228 [Worker-57] WARN  o.a.h.AndroidManifestFinder:252 - A class activity declared in the AndroidManifest.xml cannot be found in the compile path: [.activities.ScanCardActivity]
10:14:36.229 [Worker-57] WARN  o.a.h.AndroidManifestFinder:252 - A class activity declared in the AndroidManifest.xml cannot be found in the compile path: [.activities.tablet.MainMenuActivity_]
10:14:36.231 [Worker-57] WARN  o.a.h.AndroidManifestFinder:252 - A class activity declared in the AndroidManifest.xml cannot be found in the compile path: [.activities.phone.MainMenuActivity_]
10:14:36.233 [Worker-57] WARN  o.a.h.AndroidManifestFinder:252 - A class activity declared in the AndroidManifest.xml cannot be found in the compile path: [.activities.phone.SettingsActivity_]
10:14:36.234 [Worker-57] WARN  o.a.h.AndroidManifestFinder:252 - A class activity declared in the AndroidManifest.xml cannot be found in the compile path: [.activities.phone.RichPushActivity_]
10:14:36.236 [Worker-57] WARN  o.a.h.AndroidManifestFinder:252 - A class activity declared in the AndroidManifest.xml cannot be found in the compile path: [.activities.phone.MessageActivity_]
10:14:36.238 [Worker-57] WARN  o.a.h.AndroidManifestFinder:252 - A class activity declared in the AndroidManifest.xml cannot be found in the compile path: [.activities.phone.AboutActivity_]
10:14:36.239 [Worker-57] WARN  o.a.h.AndroidManifestFinder:252 - A class activity declared in the AndroidManifest.xml cannot be found in the compile path: [.activities.phone.MainActivity_]
10:14:36.241 [Worker-57] WARN  o.a.h.AndroidManifestFinder:252 - A class activity declared in the AndroidManifest.xml cannot be found in the compile path: [.activities.phone.FiltersActivity_]
10:14:36.242 [Worker-57] WARN  o.a.h.AndroidManifestFinder:252 - A class activity declared in the AndroidManifest.xml cannot be found in the compile path: [.activities.phone.ResultListActivity_]
10:14:36.244 [Worker-57] WARN  o.a.h.AndroidManifestFinder:252 - A class activity declared in the AndroidManifest.xml cannot be found in the compile path: [.activities.phone.PointDetailsActivity_]
10:14:36.293 [Worker-57] WARN  o.a.h.AndroidManifestFinder:252 - A class activity declared in the AndroidManifest.xml cannot be found in the compile path: [com.allpoint.ParseDeepLinkActivity]
10:14:36.353 [Worker-57] WARN  o.a.h.AndroidManifestFinder:252 - A class activity declared in the AndroidManifest.xml cannot be found in the compile path: [com.allpoint.IntentReceiver]
10:14:36.362 [Worker-57] INFO  o.a.AndroidAnnotationProcessor:172 - AndroidManifest.xml found: AndroidManifest [applicationPackage=com.allpoint, componentQualifiedNames=[com.allpoint.activities.phone.HistoryActivity, com.allpoint.activities.RegistrationActivity_, io.card.payment.CardIOActivity, io.card.payment.DataEntryActivity, com.allpoint.activities.LoginActivity_, com.urbanairship.actions.ActionActivity, com.urbanairship.CoreActivity, com.urbanairship.actions.LandingPageActivity, com.urbanairship.analytics.EventService, com.urbanairship.richpush.RichPushUpdateService, com.urbanairship.location.LocationService, com.urbanairship.push.PushService, com.urbanairship.push.PushService, com.urbanairship.analytics.EventService, com.urbanairship.actions.ActionService, com.urbanairship.richpush.RichPushUpdateService, com.urbanairship.location.LocationService, com.qualcommlabs.usercontext.service.GimbalService, com.urbanairship.CoreReceiver, com.urbanairship.push.GCMPushReceiver, com.urbanairship.push.ADMPushReceiver, com.urbanairship.push.ADMPushReceiver, com.qualcommlabs.usercontext.service.UserContextServiceStartStopReceiver, com.urbanairship.UrbanAirshipProvider, com.urbanairship.UrbanAirshipProvider], permissionQualifiedNames=[android.permission.CAMERA, android.permission.CALL_PHONE, android.permission.INTERNET, android.permission.ACCESS_NETWORK_STATE, android.permission.WRITE_EXTERNAL_STORAGE, com.google.android.providers.gsf.permission.READ_GSERVICES, android.permission.ACCESS_COARSE_LOCATION, android.permission.ACCESS_FINE_LOCATION, android.permission.RECEIVE_BOOT_COMPLETED, android.permission.WAKE_LOCK, android.permission.GET_ACCOUNTS, android.permission.READ_PHONE_STATE, android.permission.VIBRATE, com.android.vending.BILLING, android.permission.ACCESS_WIFI_STATE, com.android.browser.permission.READ_HISTORY_BOOKMARKS, com.allpoint.permission.UA_DATA, android.permission.GET_ACCOUNTS, com.google.android.c2dm.permission.RECEIVE, com.allpoint.permission.C2D_MESSAGE, com.amazon.device.messaging.permission.RECEIVE, com.allpoint.permission.RECEIVE_ADM_MESSAGE, android.permission.ACCESS_FINE_LOCATION, com.allpoint.permission.C2D_MESSAGE, com.google.android.c2dm.permission.RECEIVE], applicationClassName=null, libraryProject=false, debugabble=false, minSdkVersion=14, maxSdkVersion=-1, targetSdkVersion=19]
10:14:36.365 [Worker-57] ERROR o.a.r.ProjectRClassFinder:46 - The generated com.allpoint.R class cannot be found
10:14:36.382 [Worker-57] INFO  o.a.r.AndroidRClassFinder:44 - Found Android class: android.R
10:14:36.489 [Worker-57] INFO  o.a.p.TimeStats:81 - Time measurements: [Whole Processing = 553 ms], [Extract Manifest = 267 ms], [Extract Annotations = 113 ms], 
10:14:36.510 [Worker-57] INFO  o.a.AndroidAnnotationProcessor:123 - Finish processing
20:10:14.831 [Worker-2] INFO  o.a.AndroidAnnotationProcessor:85 - Initialize AndroidAnnotations 3.0.1 with options {phase=BUILD}
20:10:15.189 [Worker-2] INFO  o.a.AndroidAnnotationProcessor:109 - Start processing for 13 annotations on 89 elements
20:10:15.221 [Worker-2] DEBUG o.a.h.AndroidManifestFinder:137 - AndroidManifest.xml file found in parent folder D:\TFS_Allpoint_Phase_2\01.Allpoint_phase_2_code: D:\TFS_Allpoint_Phase_2\01.Allpoint_phase_2_code\AndroidManifest.xml
20:10:15.221 [Worker-2] WARN  o.a.h.AndroidManifestFinder:252 - A class activity declared in the AndroidManifest.xml cannot be found in the compile path: [com.allpoint.ParseDeepLinkActivity]
20:10:15.236 [Worker-2] INFO  o.a.AndroidAnnotationProcessor:172 - AndroidManifest.xml found: AndroidManifest [applicationPackage=com.allpoint, componentQualifiedNames=[com.allpoint.activities.tablet.HistoryActivity_, com.allpoint.activities.phone.HistoryActivity_, com.allpoint.activities.tablet.CardListActivity_, com.allpoint.activities.phone.CardListActivity_, com.allpoint.activities.SplashActivity_, com.allpoint.activities.tablet.MainActivity_, com.allpoint.activities.tablet.PointDetailsActivity_, com.allpoint.activities.tablet.AboutActivity_, com.allpoint.activities.tablet.MessageActivity_, com.allpoint.activities.PinMapActivity_, com.allpoint.activities.ScanCardActivity, com.allpoint.activities.tablet.MainMenuActivity_, com.allpoint.activities.phone.MainMenuActivity_, com.allpoint.activities.phone.SettingsActivity_, com.allpoint.activities.phone.RichPushActivity_, com.allpoint.activities.phone.MessageActivity_, com.allpoint.activities.phone.AboutActivity_, com.allpoint.activities.phone.MainActivity_, com.allpoint.activities.phone.FiltersActivity_, com.allpoint.activities.phone.ResultListActivity_, com.allpoint.activities.phone.PointDetailsActivity_, com.allpoint.activities.RegistrationActivity_, io.card.payment.CardIOActivity, io.card.payment.DataEntryActivity, com.allpoint.activities.LoginActivity_, com.urbanairship.actions.ActionActivity, com.urbanairship.CoreActivity, com.urbanairship.actions.LandingPageActivity, com.urbanairship.analytics.EventService, com.urbanairship.richpush.RichPushUpdateService, com.urbanairship.location.LocationService, com.urbanairship.push.PushService, com.urbanairship.push.PushService, com.urbanairship.analytics.EventService, com.urbanairship.actions.ActionService, com.urbanairship.richpush.RichPushUpdateService, com.urbanairship.location.LocationService, com.qualcommlabs.usercontext.service.GimbalService, com.allpoint.IntentReceiver, com.urbanairship.CoreReceiver, com.urbanairship.push.GCMPushReceiver, com.urbanairship.push.ADMPushReceiver, com.urbanairship.push.ADMPushReceiver, com.qualcommlabs.usercontext.service.UserContextServiceStartStopReceiver, com.urbanairship.UrbanAirshipProvider, com.urbanairship.UrbanAirshipProvider], permissionQualifiedNames=[android.permission.CAMERA, android.permission.CALL_PHONE, android.permission.INTERNET, android.permission.ACCESS_NETWORK_STATE, android.permission.WRITE_EXTERNAL_STORAGE, com.google.android.providers.gsf.permission.READ_GSERVICES, android.permission.ACCESS_COARSE_LOCATION, android.permission.ACCESS_FINE_LOCATION, android.permission.RECEIVE_BOOT_COMPLETED, android.permission.WAKE_LOCK, android.permission.GET_ACCOUNTS, android.permission.READ_PHONE_STATE, android.permission.VIBRATE, com.android.vending.BILLING, android.permission.ACCESS_WIFI_STATE, com.android.browser.permission.READ_HISTORY_BOOKMARKS, com.allpoint.permission.UA_DATA, android.permission.GET_ACCOUNTS, com.google.android.c2dm.permission.RECEIVE, com.allpoint.permission.C2D_MESSAGE, com.amazon.device.messaging.permission.RECEIVE, com.allpoint.permission.RECEIVE_ADM_MESSAGE, android.permission.ACCESS_FINE_LOCATION, com.allpoint.permission.C2D_MESSAGE, com.google.android.c2dm.permission.RECEIVE], applicationClassName=com.allpoint.AtmFinderApplication_, libraryProject=false, debugabble=false, minSdkVersion=14, maxSdkVersion=-1, targetSdkVersion=19]
20:10:15.236 [Worker-2] INFO  o.a.r.ProjectRClassFinder:50 - Found project R class: com.allpoint.R
20:10:15.283 [Worker-2] INFO  o.a.r.AndroidRClassFinder:44 - Found Android class: android.R
20:10:15.314 [Worker-2] INFO  o.a.p.ModelValidator:42 - Validating elements
20:10:15.314 [Worker-2] DEBUG o.a.p.ModelValidator:62 - Validating with EApplicationHandler: [com.allpoint.AtmFinderApplication]
20:10:15.314 [Worker-2] DEBUG o.a.p.ModelValidator:62 - Validating with EActivityHandler: [com.allpoint.activities.tablet.CardListActivity, com.allpoint.activities.phone.CardListActivity, com.allpoint.activities.SplashActivity, com.allpoint.activities.tablet.AboutActivity, com.allpoint.activities.phone.AboutActivity, com.allpoint.activities.ChangePasswordActivity, com.allpoint.activities.phone.RichPushActivity, com.allpoint.activities.tablet.MainActivity, com.allpoint.activities.phone.MainActivity, com.allpoint.activities.PinMapActivity, com.allpoint.activities.tablet.HistoryActivity, com.allpoint.activities.phone.HistoryActivity, com.allpoint.activities.LoginActivity, com.allpoint.activities.ForgetPasswordActivity, com.allpoint.activities.phone.SettingsActivity, com.allpoint.activities.phone.ResultListActivity, com.allpoint.activities.phone.FiltersActivity, com.allpoint.activities.tablet.MessageActivity, com.allpoint.activities.phone.MessageActivity, com.allpoint.activities.RegistrationActivity, com.allpoint.activities.tablet.MainMenuActivity, com.allpoint.activities.phone.MainMenuActivity, com.allpoint.activities.tablet.PointDetailsActivity, com.allpoint.activities.phone.PointDetailsActivity]
20:10:15.314 [Worker-2] WARN  o.a.h.AnnotationHelper:110 - The component ChangePasswordActivity_ is not registered in the AndroidManifest.xml file.
20:10:15.314 [Worker-2] WARN  o.a.h.AnnotationHelper:110 - The component ForgetPasswordActivity_ is not registered in the AndroidManifest.xml file.
20:10:15.330 [Worker-2] DEBUG o.a.p.ModelValidator:62 - Validating with EFragmentHandler: [com.allpoint.activities.tablet.fragments.TabBarFragment, com.allpoint.activities.phone.fragments.TabBarFragment, com.allpoint.activities.phone.fragments.DetailsActionBarFragment]
20:10:15.330 [Worker-2] DEBUG o.a.p.ModelValidator:62 - Validating with EBeanHandler: [com.allpoint.services.xmlParser.TaskManager, com.allpoint.util.Settings, com.allpoint.util.Utils, com.allpoint.util.IconManager, com.allpoint.services.InternetConnectionManager, com.allpoint.services.FilterManager]
20:10:15.330 [Worker-2] DEBUG o.a.p.ModelValidator:62 - Validating with ViewByIdHandler: [messageLayout, displayList, btnHome, messagesBtn, settingsButton, bottomSearchButton, settingsTitle, listViewMessages, searchBtn, searchView, launchSettingGeofence, launchWithNearMeButton, numberOfMessagesText, mCardListView, password, mainMenuScan, messageCountLayout, aboutTitle, aboutButtonText, deleteMessagesButton, messageView, messageCountLayout, settingsButton, txtSearch, myPositionButton, moreButton, btnGetHours, searchView, listView, tvPointName, messageViewTitle, bottomSearchButton, messagesTitle, listsButton, noMessagesLayout, btnShare, mainMenuTrans, mainMenuScan, tvMessage, mCardListView, tvSearch, noMessagesText, aboutButtonText, webView, numberOfMessagesText, loadingProgressBar, listViewMessages, lastName, editModeButton, settingsVisitGooglePlayButton, detailViewTitle, pinViewTitle, logoView, detailViewServicesTitle, tvPointName, transactionButtonText, aboutTitle, email, mainMenuTrans, settingsLaunchNearWithMe, listView, filtersTitle, settingsButton, txtHome, btnMessages, settingsFeedbackButton, myPositionButton, tvPointAddress, mobNo, btnEditprofileIs, resultsListView, txtMessage, bottomSearchButton, btnLogin, tvPointDistance, lvServices, messageCountLayout, listsButton, confirmPswd, mainMenuMessages, languageSpinner, webView, zipCode, numberOfMessagesText, messageTime, lvServices, logoView, txtHome, numberOfMessagesText, unitsSpinner, messageCountLayout, searchView, messageCountLayout, settingsVersion, readMessagesButton, btnCall, searchBtn, settingsLanguage, btnGetHours, aboutButton, email, tvPointDistance, btnCall, settingsDistanceUnits, tvSearch, settingsLogoutButton, readMessagesButton, filtersSelectBy, map, searchResultTitle, tvPointAddress, paswd, detailViewTitle, messagesTitle, mainMenuSearch, filtersButton, passMsg, messageView, mainMenuSearch, filtersDoneButton, deleteMessagesButton, noMessagesText, numberOfMessagesText, editLayout, transactionButton, cardHistoryTitle, btnMessages, btnLogin, mainMenuMessages, map, firstName, detailViewServicesTitle, messageTitle, numberOfMessagesText, btnMessages, transactionButton, transactionButtonText, tvSetting, messageCountLayout, loadingProgressBar, btnShare, bottomSearchButton, settingsSearchPreference, aboutButtonText, detailsWindow, cardHistoryTitle, laySub, editLayout, editModeButton, tvMessage, btnHome, displayList, noMessagesLayout]
20:10:15.330 [Worker-2] DEBUG o.a.p.ModelValidator:62 - Validating with FragmentByIdHandler: [mapFragment, mapFragment, mapFragment, mapFragment, mapFragment]
20:10:15.330 [Worker-2] DEBUG o.a.p.ModelValidator:62 - Validating with ClickHandler: [protected void onShareButtonClicked() , protected void onIbtnResultsBackClicked() , void onIbtnFiltersClick() , void onIbtnBottomHomeClicked() , void onBtnDeleteMessagesClicked() , protected void onBtnLogoutClick() , void onZoomOutButtonClick() , void onIbtnLoginClicked() , public void onTvResultsTitleClick() , public void onTvMessagesClick() , void onIbtnCancelCardListClicked() , void onIbtnFiltersClick() , void onIbtnCancelCardListClicked() , protected void onBtnFeedbackClick() , protected void onIbtnFiltersBackClicked() , void onIbtnSortClicked() , void onZoomInButtonClick() , void onIbtnMenuSettingsClicked() , protected void onBtnDeleteMessagesClicked() , void onIbtnMenuSearchClicked() , void onIbtnBackClicked() , void onIbtnBottomSearchClicked() , void onIbtnSignClicked() , void onIbtnBottomSettingsClicked() , protected void onIbtnMessageViewBackClicked() , protected void onBtnChangePswdClick() , void onTvDetailViewTitleClick() , void onIbtnMenuAboutClicked() , protected void onBtnReadMessagesClicked() , void onHoursButtonClicked() , void onDirectionButtonClicked() , void onIbtnPinBackClicked() , void onDirectionButtonClicked() , protected void onBtnVisitPlayClicked() , void onIbtnMenuSettingsClicked() , void onIbtnMenuMessagesClicked() , protected void onHoursButtonClicked() , protected void onBtnEditProfileClicked() , protected void onIbtnDetailsBackClicked() , void onIbtnForgetPasswordClicked() , void onIbtnBottomSettingsClicked() , void onIbtnBottomMessagesClicked() , void onIbtnCancelClicked() , public void onTvMessageViewTitleClick() , void onIbtnCancelClicked() , void onCallButtonClicked() , void onIbtnSignClicked() , void onIbtnBottomAboutClicked() , void onIbtnBottomHomeClicked() , void onIbtnAddCardClicked() , void onIbtnContinueClicked() , protected void onCallButtonClicked() , void onIbtnSkipClicked() , void onIbtnMenuMessagesClicked() , void onIbtnLoginClicked() , void onIbtnSortClicked() , void onIbtnLoginClicked() , void onIbtnSignClicked() , void onTvPinViewTitleClick() , void onIbtnShowMyPositionClicked() , void onBtnFiltersDoneClick() , void onZoomOutButtonClick() , void onIbtnBottomAboutClicked() , public void onTvFiltersTitleClick() , void onIbtnBottomSearchClicked() , void onBtnReadMessagesClicked() , void onIbtnBottomMessagesClicked() , void onIbtnShowResultListClick() , void onIbtnShowResultListClick() , void onIbtnDetailsBackClicked() , void onShareButtonClicked() , void onIbtnBackClicked() , void onZoomInButtonClick() , void onIbtnMenuSearchClicked() , void onIbtnMenuAboutClicked() , public void onTvDetailViewTitleClick() , void onIbtnShowMyPositionClicked() , void onIbtnAddCardClicked() , protected void onIbtnShowCurrentClicked() , void onIbtnCancelClicked() ]
20:10:15.345 [Worker-2] DEBUG o.a.p.ModelValidator:62 - Validating with CheckedChangeHandler: [void onTbtnEditModeCheckedChanged(android.widget.CompoundButton, boolean) , void checkedChangedOnSetGeofence(android.widget.CompoundButton, boolean) , public void onTbtnEditModeCheckedChanged(android.widget.CompoundButton, boolean) , void checkedChangedOnTbtnLaunchNear(android.widget.CompoundButton, boolean) ]
20:10:15.345 [Worker-2] DEBUG o.a.p.ModelValidator:62 - Validating with SystemServiceHandler: [connectivityManager, shareInflater, inflater, shareInflater, connectivityManager, inflater, inflater, hoursInflater, hoursInflater]
20:10:15.345 [Worker-2] DEBUG o.a.p.ModelValidator:62 - Validating with BeanHandler: [connectionManager, iconManager, filterManager, iconManager, utils, connectionManager, taskManager, taskManager, settings, taskManager, filterManager, utils, utils, taskManager, taskManager, filterManager, settings, settings, filterManager]
20:10:15.345 [Worker-2] DEBUG o.a.p.ModelValidator:62 - Validating with AfterViewsHandler: [public void AfterViews() , void afterViews() , void AfterViews() , void afterViews() , void AfterViews() , protected void afterViews() , void AfterViews() , protected void afterViews() , protected void afterViews() , void afterViews() , void AfterViews() , void afterViews() , protected void afterViews() , void afterViews() , void AfterViews() , void afterViews() , public void afterViews() , void AfterViews() , void AfterViews() , public void AfterViews() ]
20:10:15.345 [Worker-2] DEBUG o.a.p.ModelValidator:62 - Validating with UiThreadHandler: [void taskFinished(java.lang.String, com.allpoint.services.xmlParser.TaskManager.QueryId, com.allpoint.services.xmlParser.ErrorType, com.allpoint.model.ResultContainter) ]
20:10:15.345 [Worker-2] DEBUG o.a.p.ModelValidator:62 - Validating with BackgroundHandler: [void taskExecute(java.lang.String, com.allpoint.services.xmlParser.TaskManager.QueryId, java.lang.String) ]
20:10:15.361 [Worker-2] INFO  o.a.p.ModelProcessor:73 - Processing root elements
20:10:15.361 [Worker-2] DEBUG o.a.p.ModelProcessor:80 - Processing root elements EApplicationHandler: [com.allpoint.AtmFinderApplication]
20:10:15.376 [Worker-2] DEBUG o.a.p.ModelProcessor:80 - Processing root elements EActivityHandler: [com.allpoint.activities.PinMapActivity, com.allpoint.activities.tablet.HistoryActivity, com.allpoint.activities.phone.HistoryActivity, com.allpoint.activities.LoginActivity, com.allpoint.activities.tablet.CardListActivity, com.allpoint.activities.phone.CardListActivity, com.allpoint.activities.ForgetPasswordActivity, com.allpoint.activities.phone.SettingsActivity, com.allpoint.activities.SplashActivity, com.allpoint.activities.phone.ResultListActivity, com.allpoint.activities.phone.FiltersActivity, com.allpoint.activities.tablet.AboutActivity, com.allpoint.activities.phone.AboutActivity, com.allpoint.activities.tablet.MessageActivity, com.allpoint.activities.phone.MessageActivity, com.allpoint.activities.RegistrationActivity, com.allpoint.activities.ChangePasswordActivity, com.allpoint.activities.tablet.MainMenuActivity, com.allpoint.activities.phone.MainMenuActivity, com.allpoint.activities.phone.RichPushActivity, com.allpoint.activities.tablet.PointDetailsActivity, com.allpoint.activities.phone.PointDetailsActivity, com.allpoint.activities.tablet.MainActivity, com.allpoint.activities.phone.MainActivity]
20:10:15.408 [Worker-2] DEBUG o.a.p.ModelProcessor:80 - Processing root elements EFragmentHandler: [com.allpoint.activities.tablet.fragments.TabBarFragment, com.allpoint.activities.phone.fragments.TabBarFragment, com.allpoint.activities.phone.fragments.DetailsActionBarFragment]
20:10:15.408 [Worker-2] DEBUG o.a.p.ModelProcessor:80 - Processing root elements EBeanHandler: [com.allpoint.services.xmlParser.TaskManager, com.allpoint.util.Settings, com.allpoint.util.Utils, com.allpoint.util.IconManager, com.allpoint.services.InternetConnectionManager, com.allpoint.services.FilterManager]
20:10:15.408 [Worker-2] INFO  o.a.p.ModelProcessor:104 - Processing enclosed elements
20:10:15.470 [Worker-2] INFO  o.a.AndroidAnnotationProcessor:251 - Number of files generated by AndroidAnnotations: 34
20:10:15.486 [Worker-2] INFO  o.a.g.ApiCodeGenerator:52 - Writting following API classes in project: []
20:10:15.517 [Worker-2] DEBUG o.a.g.SourceCodewriter:55 - Generating class: com.allpoint.activities.ChangePasswordActivity_
20:10:15.532 [Worker-2] DEBUG o.a.g.SourceCodewriter:55 - Generating class: com.allpoint.activities.ForgetPasswordActivity_
20:10:15.532 [Worker-2] DEBUG o.a.g.SourceCodewriter:55 - Generating class: com.allpoint.activities.LoginActivity_
20:10:15.548 [Worker-2] DEBUG o.a.g.SourceCodewriter:55 - Generating class: com.allpoint.activities.PinMapActivity_
20:10:15.548 [Worker-2] DEBUG o.a.g.SourceCodewriter:55 - Generating class: com.allpoint.activities.RegistrationActivity_
20:10:15.548 [Worker-2] DEBUG o.a.g.SourceCodewriter:55 - Generating class: com.allpoint.activities.SplashActivity_
20:10:15.564 [Worker-2] DEBUG o.a.g.SourceCodewriter:55 - Generating class: com.allpoint.activities.tablet.AboutActivity_
20:10:15.564 [Worker-2] DEBUG o.a.g.SourceCodewriter:55 - Generating class: com.allpoint.activities.tablet.CardListActivity_
20:10:15.564 [Worker-2] DEBUG o.a.g.SourceCodewriter:55 - Generating class: com.allpoint.activities.tablet.HistoryActivity_
20:10:15.564 [Worker-2] DEBUG o.a.g.SourceCodewriter:55 - Generating class: com.allpoint.activities.tablet.MainActivity_
20:10:15.579 [Worker-2] DEBUG o.a.g.SourceCodewriter:55 - Generating class: com.allpoint.activities.tablet.MainMenuActivity_
20:10:15.579 [Worker-2] DEBUG o.a.g.SourceCodewriter:55 - Generating class: com.allpoint.activities.tablet.MessageActivity_
20:10:15.579 [Worker-2] DEBUG o.a.g.SourceCodewriter:55 - Generating class: com.allpoint.activities.tablet.PointDetailsActivity_
20:10:15.579 [Worker-2] DEBUG o.a.g.SourceCodewriter:55 - Generating class: com.allpoint.util.IconManager_
20:10:15.579 [Worker-2] DEBUG o.a.g.SourceCodewriter:55 - Generating class: com.allpoint.util.Settings_
20:10:15.595 [Worker-2] DEBUG o.a.g.SourceCodewriter:55 - Generating class: com.allpoint.util.Utils_
20:10:15.595 [Worker-2] DEBUG o.a.g.SourceCodewriter:55 - Generating class: com.allpoint.activities.tablet.fragments.TabBarFragment_
20:10:15.595 [Worker-2] DEBUG o.a.g.SourceCodewriter:55 - Generating class: com.allpoint.AtmFinderApplication_
20:10:15.595 [Worker-2] DEBUG o.a.g.SourceCodewriter:55 - Generating class: com.allpoint.activities.phone.AboutActivity_
20:10:15.595 [Worker-2] DEBUG o.a.g.SourceCodewriter:55 - Generating class: com.allpoint.activities.phone.CardListActivity_
20:10:15.595 [Worker-2] DEBUG o.a.g.SourceCodewriter:55 - Generating class: com.allpoint.activities.phone.FiltersActivity_
20:10:15.610 [Worker-2] DEBUG o.a.g.SourceCodewriter:55 - Generating class: com.allpoint.activities.phone.HistoryActivity_
20:10:15.610 [Worker-2] DEBUG o.a.g.SourceCodewriter:55 - Generating class: com.allpoint.activities.phone.MainActivity_
20:10:15.610 [Worker-2] DEBUG o.a.g.SourceCodewriter:55 - Generating class: com.allpoint.activities.phone.MainMenuActivity_
20:10:15.610 [Worker-2] DEBUG o.a.g.SourceCodewriter:55 - Generating class: com.allpoint.activities.phone.MessageActivity_
20:10:15.610 [Worker-2] DEBUG o.a.g.SourceCodewriter:55 - Generating class: com.allpoint.activities.phone.PointDetailsActivity_
20:10:15.610 [Worker-2] DEBUG o.a.g.SourceCodewriter:55 - Generating class: com.allpoint.activities.phone.ResultListActivity_
20:10:15.626 [Worker-2] DEBUG o.a.g.SourceCodewriter:55 - Generating class: com.allpoint.activities.phone.RichPushActivity_
20:10:15.626 [Worker-2] DEBUG o.a.g.SourceCodewriter:55 - Generating class: com.allpoint.activities.phone.SettingsActivity_
20:10:15.626 [Worker-2] DEBUG o.a.g.SourceCodewriter:55 - Generating class: com.allpoint.activities.phone.fragments.DetailsActionBarFragment_
20:10:15.626 [Worker-2] DEBUG o.a.g.SourceCodewriter:55 - Generating class: com.allpoint.activities.phone.fragments.TabBarFragment_
20:10:15.626 [Worker-2] DEBUG o.a.g.SourceCodewriter:55 - Generating class: com.allpoint.services.xmlParser.TaskManager_
20:10:15.641 [Worker-2] DEBUG o.a.g.SourceCodewriter:55 - Generating class: com.allpoint.services.FilterManager_
20:10:15.641 [Worker-2] DEBUG o.a.g.SourceCodewriter:55 - Generating class: com.allpoint.services.InternetConnectionManager_
20:10:15.641 [Worker-2] INFO  o.a.p.TimeStats:81 - Time measurements: [Whole Processing = 452 ms], [Generate Sources = 171 ms], [Process Annotations = 125 ms], [Find R Classes = 62 ms], [Extract Annotations = 32 ms], [Validate Annotations = 31 ms], [Extract Manifest = 15 ms], 
20:10:15.641 [Worker-2] INFO  o.a.AndroidAnnotationProcessor:123 - Finish processing
12:45:57.869 [Worker-1787] INFO  o.a.AndroidAnnotationProcessor:85 - Initialize AndroidAnnotations 3.0.1 with options {phase=BUILD}
12:45:57.900 [Worker-1787] INFO  o.a.AndroidAnnotationProcessor:109 - Start processing for 4 annotations on 3 elements
12:45:57.993 [Worker-1787] DEBUG o.a.h.AndroidManifestFinder:137 - AndroidManifest.xml file found in parent folder D:\TFS_Allpoint_Phase_2\01.Allpoint_phase_2_code: D:\TFS_Allpoint_Phase_2\01.Allpoint_phase_2_code\AndroidManifest.xml
12:45:57.993 [Worker-1787] WARN  o.a.h.AndroidManifestFinder:188 - The class application declared in the AndroidManifest.xml cannot be found in the compile path: [com.allpoint.AtmFinderApplication_]
12:45:57.993 [Worker-1787] WARN  o.a.h.AndroidManifestFinder:252 - A class activity declared in the AndroidManifest.xml cannot be found in the compile path: [com.allpoint.activities.tablet.HistoryActivity_]
12:45:57.993 [Worker-1787] WARN  o.a.h.AndroidManifestFinder:252 - A class activity declared in the AndroidManifest.xml cannot be found in the compile path: [com.allpoint.activities.phone.HistoryActivity_]
12:45:57.993 [Worker-1787] WARN  o.a.h.AndroidManifestFinder:252 - A class activity declared in the AndroidManifest.xml cannot be found in the compile path: [com.allpoint.activities.tablet.CardListActivity_]
12:45:57.993 [Worker-1787] WARN  o.a.h.AndroidManifestFinder:252 - A class activity declared in the AndroidManifest.xml cannot be found in the compile path: [com.allpoint.activities.phone.CardListActivity_]
12:45:57.993 [Worker-1787] WARN  o.a.h.AndroidManifestFinder:252 - A class activity declared in the AndroidManifest.xml cannot be found in the compile path: [.activities.SplashActivity_]
12:45:57.993 [Worker-1787] WARN  o.a.h.AndroidManifestFinder:252 - A class activity declared in the AndroidManifest.xml cannot be found in the compile path: [.activities.tablet.MainActivity_]
12:45:57.993 [Worker-1787] WARN  o.a.h.AndroidManifestFinder:252 - A class activity declared in the AndroidManifest.xml cannot be found in the compile path: [.activities.tablet.PointDetailsActivity_]
12:45:57.993 [Worker-1787] WARN  o.a.h.AndroidManifestFinder:252 - A class activity declared in the AndroidManifest.xml cannot be found in the compile path: [.activities.tablet.AboutActivity_]
12:45:57.993 [Worker-1787] WARN  o.a.h.AndroidManifestFinder:252 - A class activity declared in the AndroidManifest.xml cannot be found in the compile path: [.activities.tablet.MessageActivity_]
12:45:57.993 [Worker-1787] WARN  o.a.h.AndroidManifestFinder:252 - A class activity declared in the AndroidManifest.xml cannot be found in the compile path: [.activities.PinMapActivity_]
12:45:57.993 [Worker-1787] WARN  o.a.h.AndroidManifestFinder:252 - A class activity declared in the AndroidManifest.xml cannot be found in the compile path: [.activities.ScanCardActivity]
12:45:57.993 [Worker-1787] WARN  o.a.h.AndroidManifestFinder:252 - A class activity declared in the AndroidManifest.xml cannot be found in the compile path: [.activities.tablet.MainMenuActivity_]
12:45:57.993 [Worker-1787] WARN  o.a.h.AndroidManifestFinder:252 - A class activity declared in the AndroidManifest.xml cannot be found in the compile path: [.activities.phone.MainMenuActivity_]
12:45:57.993 [Worker-1787] WARN  o.a.h.AndroidManifestFinder:252 - A class activity declared in the AndroidManifest.xml cannot be found in the compile path: [.activities.phone.SettingsActivity_]
12:45:57.993 [Worker-1787] WARN  o.a.h.AndroidManifestFinder:252 - A class activity declared in the AndroidManifest.xml cannot be found in the compile path: [.activities.phone.RichPushActivity_]
12:45:57.993 [Worker-1787] WARN  o.a.h.AndroidManifestFinder:252 - A class activity declared in the AndroidManifest.xml cannot be found in the compile path: [.activities.phone.MessageActivity_]
12:45:57.993 [Worker-1787] WARN  o.a.h.AndroidManifestFinder:252 - A class activity declared in the AndroidManifest.xml cannot be found in the compile path: [.activities.phone.AboutActivity_]
12:45:57.993 [Worker-1787] WARN  o.a.h.AndroidManifestFinder:252 - A class activity declared in the AndroidManifest.xml cannot be found in the compile path: [.activities.phone.MainActivity_]
12:45:57.993 [Worker-1787] WARN  o.a.h.AndroidManifestFinder:252 - A class activity declared in the AndroidManifest.xml cannot be found in the compile path: [.activities.phone.FiltersActivity_]
12:45:57.993 [Worker-1787] WARN  o.a.h.AndroidManifestFinder:252 - A class activity declared in the AndroidManifest.xml cannot be found in the compile path: [.activities.phone.ResultListActivity_]
12:45:57.993 [Worker-1787] WARN  o.a.h.AndroidManifestFinder:252 - A class activity declared in the AndroidManifest.xml cannot be found in the compile path: [.activities.phone.PointDetailsActivity_]
12:45:57.993 [Worker-1787] WARN  o.a.h.AndroidManifestFinder:252 - A class activity declared in the AndroidManifest.xml cannot be found in the compile path: [com.allpoint.activities.LoginActivity_]
12:45:57.993 [Worker-1787] WARN  o.a.h.AndroidManifestFinder:252 - A class activity declared in the AndroidManifest.xml cannot be found in the compile path: [com.allpoint.ParseDeepLinkActivity]
12:45:58.9 [Worker-1787] WARN  o.a.h.AndroidManifestFinder:252 - A class activity declared in the AndroidManifest.xml cannot be found in the compile path: [com.allpoint.IntentReceiver]
12:45:58.9 [Worker-1787] INFO  o.a.AndroidAnnotationProcessor:172 - AndroidManifest.xml found: AndroidManifest [applicationPackage=com.allpoint, componentQualifiedNames=[com.allpoint.activities.RegistrationActivity_, io.card.payment.CardIOActivity, io.card.payment.DataEntryActivity, com.urbanairship.actions.ActionActivity, com.urbanairship.CoreActivity, com.urbanairship.actions.LandingPageActivity, com.urbanairship.analytics.EventService, com.urbanairship.richpush.RichPushUpdateService, com.urbanairship.location.LocationService, com.urbanairship.push.PushService, com.urbanairship.push.PushService, com.urbanairship.analytics.EventService, com.urbanairship.actions.ActionService, com.urbanairship.richpush.RichPushUpdateService, com.urbanairship.location.LocationService, com.qualcommlabs.usercontext.service.GimbalService, com.urbanairship.CoreReceiver, com.urbanairship.push.GCMPushReceiver, com.urbanairship.push.ADMPushReceiver, com.urbanairship.push.ADMPushReceiver, com.qualcommlabs.usercontext.service.UserContextServiceStartStopReceiver, com.urbanairship.UrbanAirshipProvider, com.urbanairship.UrbanAirshipProvider], permissionQualifiedNames=[android.permission.CAMERA, android.permission.CALL_PHONE, android.permission.INTERNET, android.permission.ACCESS_NETWORK_STATE, android.permission.WRITE_EXTERNAL_STORAGE, com.google.android.providers.gsf.permission.READ_GSERVICES, android.permission.ACCESS_COARSE_LOCATION, android.permission.ACCESS_FINE_LOCATION, android.permission.RECEIVE_BOOT_COMPLETED, android.permission.WAKE_LOCK, android.permission.GET_ACCOUNTS, android.permission.READ_PHONE_STATE, android.permission.VIBRATE, com.android.vending.BILLING, android.permission.ACCESS_WIFI_STATE, com.android.browser.permission.READ_HISTORY_BOOKMARKS, com.allpoint.permission.UA_DATA, android.permission.GET_ACCOUNTS, com.google.android.c2dm.permission.RECEIVE, com.allpoint.permission.C2D_MESSAGE, com.amazon.device.messaging.permission.RECEIVE, com.allpoint.permission.RECEIVE_ADM_MESSAGE, android.permission.ACCESS_FINE_LOCATION, com.allpoint.permission.C2D_MESSAGE, com.google.android.c2dm.permission.RECEIVE], applicationClassName=null, libraryProject=false, debugabble=false, minSdkVersion=14, maxSdkVersion=-1, targetSdkVersion=19]
12:45:58.9 [Worker-1787] INFO  o.a.r.ProjectRClassFinder:50 - Found project R class: com.allpoint.R
12:45:58.9 [Worker-1787] INFO  o.a.r.AndroidRClassFinder:44 - Found Android class: android.R
12:45:58.9 [Worker-1787] INFO  o.a.p.ModelValidator:42 - Validating elements
12:45:58.9 [Worker-1787] DEBUG o.a.p.ModelValidator:62 - Validating with EActivityHandler: [com.allpoint.activities.RegistrationActivity]
12:45:58.9 [Worker-1787] DEBUG o.a.p.ModelValidator:62 - Validating with ViewByIdHandler: [laySub, mobNo, password, email, firstName, zipCode, lastName, confirmPswd, passMsg]
12:45:58.9 [Worker-1787] DEBUG o.a.p.ModelValidator:62 - Validating with ClickHandler: [void onIbtnContinueClicked() , void onIbtnCancelClicked() ]
12:45:58.9 [Worker-1787] DEBUG o.a.p.ModelValidator:62 - Validating with AfterViewsHandler: [void AfterViews() ]
12:45:58.9 [Worker-1787] INFO  o.a.p.ModelProcessor:73 - Processing root elements
12:45:58.9 [Worker-1787] DEBUG o.a.p.ModelProcessor:80 - Processing root elements EActivityHandler: [com.allpoint.activities.RegistrationActivity]
12:45:58.40 [Worker-1787] INFO  o.a.p.ModelProcessor:104 - Processing enclosed elements
12:45:58.40 [Worker-1787] INFO  o.a.AndroidAnnotationProcessor:251 - Number of files generated by AndroidAnnotations: 1
12:45:58.40 [Worker-1787] INFO  o.a.g.ApiCodeGenerator:52 - Writting following API classes in project: []
12:45:58.40 [Worker-1787] DEBUG o.a.g.SourceCodewriter:55 - Generating class: com.allpoint.activities.RegistrationActivity_
12:45:58.87 [Worker-1787] INFO  o.a.p.TimeStats:81 - Time measurements: [Whole Processing = 187 ms], [Extract Annotations = 78 ms], [Generate Sources = 47 ms], [Process Annotations = 31 ms], [Extract Manifest = 16 ms], [Find R Classes = 0 ms], [Validate Annotations = 0 ms], 
12:45:58.87 [Worker-1787] INFO  o.a.AndroidAnnotationProcessor:123 - Finish processing
18:49:26.46 [Worker-186] INFO  o.a.AndroidAnnotationProcessor:85 - Initialize AndroidAnnotations 3.0.1 with options {phase=BUILD}
18:49:26.781 [Worker-186] INFO  o.a.AndroidAnnotationProcessor:109 - Start processing for 8 annotations on 19 elements
18:49:30.73 [Worker-186] DEBUG o.a.h.AndroidManifestFinder:137 - AndroidManifest.xml file found in parent folder D:\TFS_Allpoint_Phase_2\01.Allpoint_phase_2_code: D:\TFS_Allpoint_Phase_2\01.Allpoint_phase_2_code\AndroidManifest.xml
18:49:30.291 [Worker-186] WARN  o.a.h.AndroidManifestFinder:188 - The class application declared in the AndroidManifest.xml cannot be found in the compile path: [com.allpoint.AtmFinderApplication_]
18:49:30.322 [Worker-186] WARN  o.a.h.AndroidManifestFinder:252 - A class activity declared in the AndroidManifest.xml cannot be found in the compile path: [com.allpoint.activities.tablet.HistoryActivity_]
18:49:30.400 [Worker-186] WARN  o.a.h.AndroidManifestFinder:252 - A class activity declared in the AndroidManifest.xml cannot be found in the compile path: [com.allpoint.activities.phone.HistoryActivity_]
18:49:30.432 [Worker-186] WARN  o.a.h.AndroidManifestFinder:252 - A class activity declared in the AndroidManifest.xml cannot be found in the compile path: [com.allpoint.activities.tablet.CardListActivity_]
18:49:30.432 [Worker-186] WARN  o.a.h.AndroidManifestFinder:252 - A class activity declared in the AndroidManifest.xml cannot be found in the compile path: [com.allpoint.activities.phone.CardListActivity_]
18:49:30.447 [Worker-186] WARN  o.a.h.AndroidManifestFinder:252 - A class activity declared in the AndroidManifest.xml cannot be found in the compile path: [com.allpoint.activities.ForgetPasswordActivity_]
18:49:30.447 [Worker-186] WARN  o.a.h.AndroidManifestFinder:252 - A class activity declared in the AndroidManifest.xml cannot be found in the compile path: [com.allpoint.activities.CardCheckActivity_]
18:49:30.463 [Worker-186] WARN  o.a.h.AndroidManifestFinder:252 - A class activity declared in the AndroidManifest.xml cannot be found in the compile path: [com.allpoint.activities.ChangePasswordActivity_]
18:49:30.478 [Worker-186] WARN  o.a.h.AndroidManifestFinder:252 - A class activity declared in the AndroidManifest.xml cannot be found in the compile path: [.activities.tablet.MainActivity_]
18:49:30.510 [Worker-186] WARN  o.a.h.AndroidManifestFinder:252 - A class activity declared in the AndroidManifest.xml cannot be found in the compile path: [.activities.tablet.PointDetailsActivity_]
18:49:30.525 [Worker-186] WARN  o.a.h.AndroidManifestFinder:252 - A class activity declared in the AndroidManifest.xml cannot be found in the compile path: [.activities.tablet.AboutActivity_]
18:49:30.525 [Worker-186] WARN  o.a.h.AndroidManifestFinder:252 - A class activity declared in the AndroidManifest.xml cannot be found in the compile path: [.activities.tablet.MessageActivity_]
18:49:30.525 [Worker-186] WARN  o.a.h.AndroidManifestFinder:252 - A class activity declared in the AndroidManifest.xml cannot be found in the compile path: [.activities.PinMapActivity_]
18:49:30.525 [Worker-186] WARN  o.a.h.AndroidManifestFinder:252 - A class activity declared in the AndroidManifest.xml cannot be found in the compile path: [.activities.ScanCardActivity]
18:49:30.541 [Worker-186] WARN  o.a.h.AndroidManifestFinder:252 - A class activity declared in the AndroidManifest.xml cannot be found in the compile path: [.activities.phone.SettingsActivity_]
18:49:30.541 [Worker-186] WARN  o.a.h.AndroidManifestFinder:252 - A class activity declared in the AndroidManifest.xml cannot be found in the compile path: [.activities.phone.RichPushActivity_]
18:49:30.541 [Worker-186] WARN  o.a.h.AndroidManifestFinder:252 - A class activity declared in the AndroidManifest.xml cannot be found in the compile path: [.activities.phone.MessageActivity_]
18:49:30.572 [Worker-186] WARN  o.a.h.AndroidManifestFinder:252 - A class activity declared in the AndroidManifest.xml cannot be found in the compile path: [.activities.phone.AboutActivity_]
18:49:30.588 [Worker-186] WARN  o.a.h.AndroidManifestFinder:252 - A class activity declared in the AndroidManifest.xml cannot be found in the compile path: [.activities.phone.FiltersActivity_]
18:49:30.619 [Worker-186] WARN  o.a.h.AndroidManifestFinder:252 - A class activity declared in the AndroidManifest.xml cannot be found in the compile path: [.activities.phone.ResultListActivity_]
18:49:30.634 [Worker-186] WARN  o.a.h.AndroidManifestFinder:252 - A class activity declared in the AndroidManifest.xml cannot be found in the compile path: [.activities.phone.PointDetailsActivity_]
18:49:30.650 [Worker-186] WARN  o.a.h.AndroidManifestFinder:252 - A class activity declared in the AndroidManifest.xml cannot be found in the compile path: [com.allpoint.ParseDeepLinkActivity]
18:49:30.962 [Worker-186] INFO  o.a.AndroidAnnotationProcessor:172 - AndroidManifest.xml found: AndroidManifest [applicationPackage=com.allpoint, componentQualifiedNames=[com.allpoint.activities.SplashActivity_, com.allpoint.activities.tablet.MainMenuActivity_, com.allpoint.activities.phone.MainMenuActivity_, com.allpoint.activities.phone.MainActivity_, com.allpoint.activities.RegistrationActivity_, io.card.payment.CardIOActivity, io.card.payment.DataEntryActivity, com.allpoint.activities.LoginActivity_, com.urbanairship.actions.ActionActivity, com.urbanairship.CoreActivity, com.urbanairship.actions.LandingPageActivity, com.urbanairship.analytics.EventService, com.urbanairship.richpush.RichPushUpdateService, com.urbanairship.location.LocationService, com.urbanairship.push.PushService, com.urbanairship.push.PushService, com.urbanairship.analytics.EventService, com.urbanairship.actions.ActionService, com.urbanairship.richpush.RichPushUpdateService, com.urbanairship.location.LocationService, com.qualcommlabs.usercontext.service.GimbalService, com.allpoint.IntentReceiver, com.urbanairship.CoreReceiver, com.urbanairship.push.GCMPushReceiver, com.urbanairship.push.ADMPushReceiver, com.urbanairship.push.ADMPushReceiver, com.qualcommlabs.usercontext.service.UserContextServiceStartStopReceiver, com.urbanairship.UrbanAirshipProvider, com.urbanairship.UrbanAirshipProvider], permissionQualifiedNames=[android.permission.CAMERA, android.permission.CALL_PHONE, android.permission.INTERNET, android.permission.ACCESS_NETWORK_STATE, android.permission.WRITE_EXTERNAL_STORAGE, com.google.android.providers.gsf.permission.READ_GSERVICES, android.permission.ACCESS_COARSE_LOCATION, android.permission.ACCESS_FINE_LOCATION, android.permission.RECEIVE_BOOT_COMPLETED, android.permission.WAKE_LOCK, android.permission.GET_ACCOUNTS, android.permission.READ_PHONE_STATE, android.permission.VIBRATE, com.android.vending.BILLING, android.permission.ACCESS_WIFI_STATE, com.android.browser.permission.READ_HISTORY_BOOKMARKS, com.allpoint.permission.UA_DATA, android.permission.GET_ACCOUNTS, com.google.android.c2dm.permission.RECEIVE, com.allpoint.permission.C2D_MESSAGE, com.amazon.device.messaging.permission.RECEIVE, com.allpoint.permission.RECEIVE_ADM_MESSAGE, android.permission.ACCESS_FINE_LOCATION, com.allpoint.permission.C2D_MESSAGE, com.google.android.c2dm.permission.RECEIVE], applicationClassName=null, libraryProject=false, debugabble=false, minSdkVersion=14, maxSdkVersion=-1, targetSdkVersion=19]
18:49:30.978 [Worker-186] ERROR o.a.r.ProjectRClassFinder:46 - The generated com.allpoint.R class cannot be found
18:49:30.978 [Worker-186] INFO  o.a.r.AndroidRClassFinder:44 - Found Android class: android.R
18:49:31.978 [Worker-186] INFO  o.a.p.TimeStats:81 - Time measurements: [Whole Processing = 5197 ms], [Extract Annotations = 3151 ms], [Extract Manifest = 889 ms], 
18:49:32.150 [Worker-186] INFO  o.a.AndroidAnnotationProcessor:123 - Finish processing
12:27:55.459 [Worker-1028] INFO  o.a.AndroidAnnotationProcessor:85 - Initialize AndroidAnnotations 3.0.1 with options {phase=BUILD}
12:27:56.739 [Worker-1028] INFO  o.a.AndroidAnnotationProcessor:109 - Start processing for 11 annotations on 76 elements
12:27:56.801 [Worker-1028] DEBUG o.a.h.AndroidManifestFinder:137 - AndroidManifest.xml file found in parent folder D:\TFS_Allpoint_Phase_2\01.Allpoint_phase_2_code: D:\TFS_Allpoint_Phase_2\01.Allpoint_phase_2_code\AndroidManifest.xml
12:27:56.817 [Worker-1028] WARN  o.a.h.AndroidManifestFinder:252 - A class activity declared in the AndroidManifest.xml cannot be found in the compile path: [.activities.ScanCardActivity]
12:27:56.817 [Worker-1028] WARN  o.a.h.AndroidManifestFinder:252 - A class activity declared in the AndroidManifest.xml cannot be found in the compile path: [com.allpoint.ParseDeepLinkActivity]
12:27:56.817 [Worker-1028] WARN  o.a.h.AndroidManifestFinder:252 - A class activity declared in the AndroidManifest.xml cannot be found in the compile path: [com.allpoint.services.GeofenceService]
12:27:56.863 [Worker-1028] WARN  o.a.h.AndroidManifestFinder:252 - A class activity declared in the AndroidManifest.xml cannot be found in the compile path: [com.allpoint.IntentReceiver]
12:27:56.863 [Worker-1028] INFO  o.a.AndroidAnnotationProcessor:172 - AndroidManifest.xml found: AndroidManifest [applicationPackage=com.allpoint, componentQualifiedNames=[com.allpoint.activities.tablet.HistoryActivity_, com.allpoint.activities.phone.HistoryActivity_, com.allpoint.activities.tablet.CardListActivity_, com.allpoint.activities.phone.CardListActivity_, com.allpoint.activities.ForgetPasswordActivity_, com.allpoint.activities.CardCheckActivity_, com.allpoint.activities.ChangePasswordActivity_, com.allpoint.activities.SplashActivity_, com.allpoint.activities.tablet.MainActivity_, com.allpoint.activities.tablet.PointDetailsActivity_, com.allpoint.activities.tablet.AboutActivity_, com.allpoint.activities.tablet.MessageActivity_, com.allpoint.activities.PinMapActivity_, com.allpoint.activities.tablet.MainMenuActivity_, com.allpoint.activities.phone.MainMenuActivity_, com.allpoint.activities.phone.SettingsActivity_, com.allpoint.activities.phone.RichPushActivity_, com.allpoint.activities.phone.MessageActivity_, com.allpoint.activities.phone.AboutActivity_, com.allpoint.activities.phone.MainActivity_, com.allpoint.activities.phone.FiltersActivity_, com.allpoint.activities.phone.ResultListActivity_, com.allpoint.activities.phone.PointDetailsActivity_, com.allpoint.activities.RegistrationActivity_, io.card.payment.CardIOActivity, io.card.payment.DataEntryActivity, com.allpoint.activities.LoginActivity_, com.urbanairship.actions.ActionActivity, com.urbanairship.CoreActivity, com.urbanairship.actions.LandingPageActivity, com.urbanairship.analytics.EventService, com.urbanairship.richpush.RichPushUpdateService, com.urbanairship.location.LocationService, com.urbanairship.push.PushService, com.urbanairship.push.PushService, com.urbanairship.analytics.EventService, com.urbanairship.actions.ActionService, com.urbanairship.richpush.RichPushUpdateService, com.urbanairship.location.LocationService, com.gimbal.internal.service.GimbalService, com.urbanairship.CoreReceiver, com.urbanairship.push.GCMPushReceiver, com.urbanairship.push.ADMPushReceiver, com.urbanairship.push.ADMPushReceiver, com.gimbal.internal.service.GimbalServiceStartStopReceiver, com.urbanairship.UrbanAirshipProvider, com.urbanairship.UrbanAirshipProvider], permissionQualifiedNames=[android.permission.CAMERA, android.permission.CALL_PHONE, android.permission.INTERNET, android.permission.ACCESS_NETWORK_STATE, android.permission.WRITE_EXTERNAL_STORAGE, com.google.android.providers.gsf.permission.READ_GSERVICES, android.permission.ACCESS_COARSE_LOCATION, android.permission.ACCESS_FINE_LOCATION, android.permission.RECEIVE_BOOT_COMPLETED, android.permission.WAKE_LOCK, android.permission.GET_ACCOUNTS, android.permission.READ_PHONE_STATE, android.permission.VIBRATE, com.android.vending.BILLING, android.permission.ACCESS_WIFI_STATE, com.android.browser.permission.READ_HISTORY_BOOKMARKS, com.allpoint.permission.UA_DATA, android.permission.GET_ACCOUNTS, com.google.android.c2dm.permission.RECEIVE, com.allpoint.permission.C2D_MESSAGE, com.amazon.device.messaging.permission.RECEIVE, com.allpoint.permission.RECEIVE_ADM_MESSAGE, android.permission.ACCESS_FINE_LOCATION, com.allpoint.permission.C2D_MESSAGE, com.google.android.c2dm.permission.RECEIVE], applicationClassName=com.allpoint.AtmFinderApplication_, libraryProject=false, debugabble=false, minSdkVersion=14, maxSdkVersion=-1, targetSdkVersion=19]
12:27:56.863 [Worker-1028] INFO  o.a.r.ProjectRClassFinder:50 - Found project R class: com.allpoint.R
12:27:56.863 [Worker-1028] INFO  o.a.r.AndroidRClassFinder:44 - Found Android class: android.R
12:27:56.926 [Worker-1028] INFO  o.a.p.ModelValidator:42 - Validating elements
12:27:56.957 [Worker-1028] DEBUG o.a.p.ModelValidator:62 - Validating with EApplicationHandler: [com.allpoint.AtmFinderApplication]
12:27:56.957 [Worker-1028] DEBUG o.a.p.ModelValidator:62 - Validating with EActivityHandler: [com.allpoint.activities.CardCheckActivity, com.allpoint.activities.tablet.CardListActivity, com.allpoint.activities.phone.CardListActivity, com.allpoint.activities.SplashActivity, com.allpoint.activities.phone.AboutActivity, com.allpoint.activities.tablet.AboutActivity, com.allpoint.activities.ChangePasswordActivity, com.allpoint.activities.phone.RichPushActivity, com.allpoint.activities.tablet.MainActivity, com.allpoint.activities.phone.MainActivity, com.allpoint.activities.PinMapActivity, com.allpoint.activities.tablet.HistoryActivity, com.allpoint.activities.phone.HistoryActivity, com.allpoint.activities.LoginActivity, com.allpoint.activities.ForgetPasswordActivity, com.allpoint.activities.phone.SettingsActivity, com.allpoint.activities.phone.ResultListActivity, com.allpoint.activities.phone.FiltersActivity, com.allpoint.activities.tablet.MessageActivity, com.allpoint.activities.phone.MessageActivity, com.allpoint.activities.RegistrationActivity, com.allpoint.activities.tablet.MainMenuActivity, com.allpoint.activities.phone.MainMenuActivity, com.allpoint.activities.phone.PointDetailsActivity, com.allpoint.activities.tablet.PointDetailsActivity]
12:27:56.957 [Worker-1028] DEBUG o.a.p.ModelValidator:62 - Validating with EFragmentHandler: [com.allpoint.activities.tablet.fragments.TabBarFragment, com.allpoint.activities.phone.fragments.TabBarFragment, com.allpoint.activities.phone.fragments.DetailsActionBarFragment]
12:27:56.957 [Worker-1028] DEBUG o.a.p.ModelValidator:62 - Validating with EBeanHandler: [com.allpoint.util.Utils, com.allpoint.util.IconManager]
12:27:56.988 [Worker-1028] DEBUG o.a.p.ModelValidator:62 - Validating with ViewByIdHandler: [noMessagesLayout, zipCode, tvPointAddress, listViewMessages, filtersSelectBy, btnLogin, tvPointDistance, txtHome, settingsVisitGooglePlayButton, mCardListView, languageSpinner, btnHome, transactionButton, confirmPswd, email, mCardListView, mSubmit, launchSettingGeofence, messageCountLayout, detailViewServicesTitle, btnHome, searchBtn, listViewMessages, noMessagesText, lvServices, messageCountLayout, passConf, aboutButtonText, readMessagesButton, btnMessages, mainMenuSearch, transactionButton, bottomSearchButton, aboutButton, transactionButtonText, mainMenuTrans, btnGetHours, settingsButton, mobNo, messageLayout, deleteMessagesButton, detailViewServicesTitle, unitsSpinner, cardHistoryTitle, searchResultTitle, webView, messagesTitle, settingsFeedbackButton, editLayout, settingsButton, filtersTitle, settingsVersion, btnShare, numberOfMessagesText, tvPointName, btnCall, readMessagesButton, editModeButton, noMessagesLayout, btnGetHours, settingsButton, tvSetting, loadingProgressBar, listView, passMsg, bottomSearchButton, aboutTitle, messageView, btnLogin, passNew, bottomSearchButton, numberOfMessagesText, tvPointDistance, btnEditprofileIs, tvSearch, tvSearch, mEmail, btnCall, launchWithNearMeButton, layPass, aboutButtonText, map, myPositionButton, logoView, mainMenuTrans, tvMessage, btnShare, messageCountLayout, displayList, filtersDoneButton, listsButton, mainMenuMessages, detailViewTitle, messageCountLayout, btnMessages, deleteMessagesButton, aboutButtonText, searchView, firstName, moreButton, messageTime, logoView, txtHome, listView, displayList, settingsTitle, settingsbtnChangePasswordButton, mCardNumber, editLayout, btnMessages, cardHistoryTitle, detailsWindow, txtSearch, numberOfMessagesText, passOld, listsButton, noMessagesText, messageCountLayout, mainMenuScan, email, numberOfMessagesText, paswd, bottomSearchButton, searchView, settingsLanguage, tvMessage, myPositionButton, detailViewTitle, messageView, messageCountLayout, resultsListView, mainMenuMessages, settingsLaunchNearWithMe, transactionButtonText, messageViewTitle, lastName, mainMenuScan, searchBtn, map, aboutTitle, searchView, laySub, tvPointName, lvServices, numberOfMessagesText, txtMessage, numberOfMessagesText, tvPointAddress, pinViewTitle, password, messagesTitle, settingsDistanceUnits, editModeButton, tvMessage, webView, settingsSearchPreference, loadingProgressBar, mainMenuSearch, filtersButton, messagesBtn, messageTitle]
12:27:56.988 [Worker-1028] DEBUG o.a.p.ModelValidator:62 - Validating with FragmentByIdHandler: [mapFragment, mapFragment, mapFragment, mapFragment, mapFragment]
12:27:56.988 [Worker-1028] DEBUG o.a.p.ModelValidator:62 - Validating with ClickHandler: [void onIbtnCancelClicked() , protected void onIbtnShowCurrentClicked() , void onIbtnSignClicked() , void onIbtnAddCardClicked() , void onBtnFiltersDoneClick() , void onIbtnBottomAboutClicked() , void onIbtnShowMyPositionClicked() , void onIbtnBottomSettingsClicked() , void onIbtnBottomSettingsClicked() , void onZoomOutButtonClick() , protected void onBtnEditProfileClicked() , void onIbtnCancelCardListClicked() , protected void onBtnReadMessagesClicked() , void onIbtnBottomMessagesClicked() , void onIbtnBottomAboutClicked() , void onIbtnMenuSearchClicked() , void onIbtnPinBackClicked() , void onIbtnLoginClicked() , protected void onIbtnMessageViewBackClicked() , void onIbtnCancelClicked() , protected void onCallButtonClicked() , void onIbtnFiltersClick() , void onZoomInButtonClick() , void onIbtnMenuMessagesClicked() , protected void onBtnFeedbackClick() , void onIbtnScanCardClicked() , void onIbtnSortClicked() , protected void onHoursButtonClicked() , void onIbtnContinueClicked() , void onIbtnMenuMessagesClicked() , void onIbtnShowMyPositionClicked() , void onIbtnBottomMessagesClicked() , void onIbtnLoginClicked() , void onIbtnBackClicked() , void onIbtnMenuSettingsClicked() , void onIbtnCancelClicked() , void onIbtnForgetPasswordClicked() , void onIbtnSubmitClicked() , void onIbtnBottomSearchClicked() , void onIbtnSortClicked() , public void onTvDetailViewTitleClick() , public void onTvResultsTitleClick() , void onTvDetailViewTitleClick() , void onIbtnBottomHomeClicked() , void onIbtnFiltersClick() , protected void onIbtnDetailsBackClicked() , void onIbtnBottomSearchClicked() , public void onTvFiltersTitleClick() , public void onTvMessagesClick() , void onTvPinViewTitleClick() , void onIbtnCancelCardListClicked() , void onIbtnShowResultListClick() , void onIbtnCancelClicked() , void onIbtnMenuSearchClicked() , protected void onBtnChangePswdClick() , void onBtnReadMessagesClicked() , void onIbtnMenuAboutClicked() , void onHoursButtonClicked() , void onIbtnSignClicked() , protected void onIbtnResultsBackClicked() , void onIbtnDetailsBackClicked() , protected void onIbtnFiltersBackClicked() , protected void onShareButtonClicked() , void onIbtnShowResultListClick() , void onDirectionButtonClicked() , void onIbtnLoginClicked() , void onShareButtonClicked() , void onIbtnSkipClicked() , void onCallButtonClicked() , void onZoomOutButtonClick() , void onIbtnContinueClicked() , void onIbtnMenuSettingsClicked() , void onIbtnBottomHomeClicked() , protected void onBtnDeleteMessagesClicked() , void onBtnDeleteMessagesClicked() , void onIbtnAddCardClicked() , void onIbtnMenuAboutClicked() , protected void onBtnVisitPlayClicked() , void onIbtnBackClicked() , void onZoomInButtonClick() , void onDirectionButtonClicked() , public void onTvMessageViewTitleClick() ]
12:27:57.4 [Worker-1028] DEBUG o.a.p.ModelValidator:62 - Validating with CheckedChangeHandler: [void checkedChangedOnSetGeofence(android.widget.CompoundButton, boolean) , public void onTbtnEditModeCheckedChanged(android.widget.CompoundButton, boolean) , void onTbtnEditModeCheckedChanged(android.widget.CompoundButton, boolean) , void checkedChangedOnTbtnLaunchNear(android.widget.CompoundButton, boolean) ]
12:27:57.51 [Worker-1028] DEBUG o.a.p.ModelValidator:62 - Validating with SystemServiceHandler: [inflater, shareInflater, hoursInflater, inflater, hoursInflater, connectivityManager, inflater, shareInflater]
12:27:57.51 [Worker-1028] DEBUG o.a.p.ModelValidator:62 - Validating with BeanHandler: [connectionManager, taskManager, connectionManager, iconManager, connectionManager, settings, settings, connectionManager, taskManager, utils, taskManager, connectionManager, filterManager, filterManager, taskManager, filterManager, iconManager, settings, taskManager, utils, filterManager, utils]
12:27:57.129 [Worker-1028] ERROR o.a.AndroidAnnotationProcessor:269 - Something went wront : Unexpected error in AndroidAnnotations 3.0.1!
You should check if there is already an issue about it on https://github.com/excilys/androidannotations/search?q=java.lang.NullPointerException&type=Issues
If none exists, please open a new one with the following content and tell us if you can reproduce it or not. Don't forget to give us as much information as you can (like parts of your code in failure).
Java version: unknown
Javac processors options: phase=BUILD
Stacktrace: java.lang.NullPointerException
	at org.androidannotations.helper.ValidatorHelper.elementHasAnnotationSafe(ValidatorHelper.java:348)
	at org.androidannotations.helper.ValidatorHelper.typeHasAnnotation(ValidatorHelper.java:326)
	at org.androidannotations.helper.ValidatorHelper.typeHasAnnotation(ValidatorHelper.java:321)
	at org.androidannotations.helper.ValidatorHelper.typeOrTargetValueHasAnnotation(ValidatorHelper.java:343)
	at org.androidannotations.handler.BeanHandler.validate(BeanHandler.java:56)
	at org.androidannotations.handler.BaseAnnotationHandler.validate(BaseAnnotationHandler.java:109)
	at org.androidannotations.process.ModelValidator.validateThrowing(ModelValidator.java:79)
	at org.androidannotations.process.ModelValidator.validate(ModelValidator.java:66)
	at org.androidannotations.AndroidAnnotationProcessor.validateAnnotations(AndroidAnnotationProcessor.java:235)
	at org.androidannotations.AndroidAnnotationProcessor.processThrowing(AndroidAnnotationProcessor.java:184)
	at org.androidannotations.AndroidAnnotationProcessor.process(AndroidAnnotationProcessor.java:114)
	at org.eclipse.jdt.internal.compiler.apt.dispatch.RoundDispatcher.handleProcessor(RoundDispatcher.java:139)
	at org.eclipse.jdt.internal.compiler.apt.dispatch.RoundDispatcher.round(RoundDispatcher.java:110)
	at org.eclipse.jdt.internal.compiler.apt.dispatch.BaseAnnotationProcessorManager.processAnnotations(BaseAnnotationProcessorManager.java:159)
	at org.eclipse.jdt.internal.apt.pluggable.core.dispatch.IdeAnnotationProcessorManager.processAnnotations(IdeAnnotationProcessorManager.java:134)
	at org.eclipse.jdt.internal.compiler.Compiler.processAnnotations(Compiler.java:820)
	at org.eclipse.jdt.internal.compiler.Compiler.compile(Compiler.java:434)
	at org.eclipse.jdt.internal.core.builder.AbstractImageBuilder.compile(AbstractImageBuilder.java:366)
	at org.eclipse.jdt.internal.core.builder.IncrementalImageBuilder.compile(IncrementalImageBuilder.java:329)
	at org.eclipse.jdt.internal.core.builder.AbstractImageBuilder.compile(AbstractImageBuilder.java:303)
	at org.eclipse.jdt.internal.core.builder.IncrementalImageBuilder.build(IncrementalImageBuilder.java:134)
	at org.eclipse.jdt.internal.core.builder.JavaBuilder.buildDeltas(JavaBuilder.java:265)
	at org.eclipse.jdt.internal.core.builder.JavaBuilder.build(JavaBuilder.java:193)
	at org.eclipse.core.internal.events.BuildManager$2.run(BuildManager.java:733)
	at org.eclipse.core.runtime.SafeRunner.run(SafeRunner.java:42)
	at org.eclipse.core.internal.events.BuildManager.basicBuild(BuildManager.java:206)
	at org.eclipse.core.internal.events.BuildManager.basicBuild(BuildManager.java:246)
	at org.eclipse.core.internal.events.BuildManager$1.run(BuildManager.java:299)
	at org.eclipse.core.runtime.SafeRunner.run(SafeRunner.java:42)
	at org.eclipse.core.internal.events.BuildManager.basicBuild(BuildManager.java:302)
	at org.eclipse.core.internal.events.BuildManager.basicBuildLoop(BuildManager.java:358)
	at org.eclipse.core.internal.events.BuildManager.build(BuildManager.java:381)
	at org.eclipse.core.internal.events.AutoBuildJob.doBuild(AutoBuildJob.java:143)
	at org.eclipse.core.internal.events.AutoBuildJob.run(AutoBuildJob.java:241)
	at org.eclipse.core.internal.jobs.Worker.run(Worker.java:53)
Thrown from: com.allpoint.activities.ChangePasswordActivity
Element (VariableElementImpl): connectionManager


12:27:57.160 [Worker-1028] INFO  o.a.p.TimeStats:81 - Time measurements: [Whole Processing = 421 ms], [Extract Manifest = 78 ms], [Extract Annotations = 46 ms], [Find R Classes = 32 ms], 
12:27:57.175 [Worker-1028] INFO  o.a.AndroidAnnotationProcessor:123 - Finish processing
10:12:37.719 [Worker-425] INFO  o.a.AndroidAnnotationProcessor:85 - Initialize AndroidAnnotations 3.0.1 with options {phase=BUILD}
10:12:37.719 [Worker-425] INFO  o.a.AndroidAnnotationProcessor:109 - Start processing for 5 annotations on 3 elements
10:12:37.719 [Worker-425] DEBUG o.a.h.AndroidManifestFinder:137 - AndroidManifest.xml file found in parent folder D:\TFS_Allpoint_Phase_2\01.Allpoint_phase_2_code: D:\TFS_Allpoint_Phase_2\01.Allpoint_phase_2_code\AndroidManifest.xml
10:12:37.719 [Worker-425] WARN  o.a.h.AndroidManifestFinder:188 - The class application declared in the AndroidManifest.xml cannot be found in the compile path: [com.allpoint.AtmFinderApplication_]
10:12:37.719 [Worker-425] WARN  o.a.h.AndroidManifestFinder:252 - A class activity declared in the AndroidManifest.xml cannot be found in the compile path: [com.allpoint.activities.tablet.HistoryActivity_]
10:12:37.719 [Worker-425] WARN  o.a.h.AndroidManifestFinder:252 - A class activity declared in the AndroidManifest.xml cannot be found in the compile path: [com.allpoint.activities.tablet.CardListActivity_]
10:12:37.719 [Worker-425] WARN  o.a.h.AndroidManifestFinder:252 - A class activity declared in the AndroidManifest.xml cannot be found in the compile path: [com.allpoint.activities.phone.CardListActivity_]
10:12:37.719 [Worker-425] WARN  o.a.h.AndroidManifestFinder:252 - A class activity declared in the AndroidManifest.xml cannot be found in the compile path: [com.allpoint.activities.ForgetPasswordActivity_]
10:12:37.719 [Worker-425] WARN  o.a.h.AndroidManifestFinder:252 - A class activity declared in the AndroidManifest.xml cannot be found in the compile path: [com.allpoint.activities.CardCheckActivity_]
10:12:37.719 [Worker-425] WARN  o.a.h.AndroidManifestFinder:252 - A class activity declared in the AndroidManifest.xml cannot be found in the compile path: [com.allpoint.activities.ChangePasswordActivity_]
10:12:37.734 [Worker-425] WARN  o.a.h.AndroidManifestFinder:252 - A class activity declared in the AndroidManifest.xml cannot be found in the compile path: [.activities.SplashActivity_]
10:12:37.734 [Worker-425] WARN  o.a.h.AndroidManifestFinder:252 - A class activity declared in the AndroidManifest.xml cannot be found in the compile path: [.activities.tablet.MainActivity_]
10:12:37.734 [Worker-425] WARN  o.a.h.AndroidManifestFinder:252 - A class activity declared in the AndroidManifest.xml cannot be found in the compile path: [.activities.tablet.PointDetailsActivity_]
10:12:37.734 [Worker-425] WARN  o.a.h.AndroidManifestFinder:252 - A class activity declared in the AndroidManifest.xml cannot be found in the compile path: [.activities.tablet.AboutActivity_]
10:12:37.734 [Worker-425] WARN  o.a.h.AndroidManifestFinder:252 - A class activity declared in the AndroidManifest.xml cannot be found in the compile path: [.activities.tablet.MessageActivity_]
10:12:37.734 [Worker-425] WARN  o.a.h.AndroidManifestFinder:252 - A class activity declared in the AndroidManifest.xml cannot be found in the compile path: [.activities.PinMapActivity_]
10:12:37.734 [Worker-425] WARN  o.a.h.AndroidManifestFinder:252 - A class activity declared in the AndroidManifest.xml cannot be found in the compile path: [.activities.ScanCardActivity]
10:12:37.734 [Worker-425] WARN  o.a.h.AndroidManifestFinder:252 - A class activity declared in the AndroidManifest.xml cannot be found in the compile path: [.activities.tablet.MainMenuActivity_]
10:12:37.734 [Worker-425] WARN  o.a.h.AndroidManifestFinder:252 - A class activity declared in the AndroidManifest.xml cannot be found in the compile path: [.activities.phone.MainMenuActivity_]
10:12:37.734 [Worker-425] WARN  o.a.h.AndroidManifestFinder:252 - A class activity declared in the AndroidManifest.xml cannot be found in the compile path: [.activities.phone.SettingsActivity_]
10:12:37.734 [Worker-425] WARN  o.a.h.AndroidManifestFinder:252 - A class activity declared in the AndroidManifest.xml cannot be found in the compile path: [.activities.phone.RichPushActivity_]
10:12:37.734 [Worker-425] WARN  o.a.h.AndroidManifestFinder:252 - A class activity declared in the AndroidManifest.xml cannot be found in the compile path: [.activities.phone.MessageActivity_]
10:12:37.734 [Worker-425] WARN  o.a.h.AndroidManifestFinder:252 - A class activity declared in the AndroidManifest.xml cannot be found in the compile path: [.activities.phone.AboutActivity_]
10:12:37.734 [Worker-425] WARN  o.a.h.AndroidManifestFinder:252 - A class activity declared in the AndroidManifest.xml cannot be found in the compile path: [.activities.phone.MainActivity_]
10:12:37.734 [Worker-425] WARN  o.a.h.AndroidManifestFinder:252 - A class activity declared in the AndroidManifest.xml cannot be found in the compile path: [.activities.phone.FiltersActivity_]
10:12:37.734 [Worker-425] WARN  o.a.h.AndroidManifestFinder:252 - A class activity declared in the AndroidManifest.xml cannot be found in the compile path: [.activities.phone.ResultListActivity_]
10:12:37.734 [Worker-425] WARN  o.a.h.AndroidManifestFinder:252 - A class activity declared in the AndroidManifest.xml cannot be found in the compile path: [.activities.phone.PointDetailsActivity_]
10:12:37.734 [Worker-425] WARN  o.a.h.AndroidManifestFinder:252 - A class activity declared in the AndroidManifest.xml cannot be found in the compile path: [com.allpoint.activities.RegistrationActivity_]
10:12:37.734 [Worker-425] WARN  o.a.h.AndroidManifestFinder:252 - A class activity declared in the AndroidManifest.xml cannot be found in the compile path: [com.allpoint.activities.LoginActivity_]
10:12:37.734 [Worker-425] WARN  o.a.h.AndroidManifestFinder:252 - A class activity declared in the AndroidManifest.xml cannot be found in the compile path: [com.allpoint.activities.CardSuccessActivity_]
10:12:37.734 [Worker-425] WARN  o.a.h.AndroidManifestFinder:252 - A class activity declared in the AndroidManifest.xml cannot be found in the compile path: [com.allpoint.activities.CardFailureActivity_]
10:12:37.734 [Worker-425] WARN  o.a.h.AndroidManifestFinder:252 - A class activity declared in the AndroidManifest.xml cannot be found in the compile path: [com.allpoint.ParseDeepLinkActivity]
10:12:37.734 [Worker-425] WARN  o.a.h.AndroidManifestFinder:252 - A class activity declared in the AndroidManifest.xml cannot be found in the compile path: [com.allpoint.services.GeofenceService]
10:12:37.734 [Worker-425] WARN  o.a.h.AndroidManifestFinder:252 - A class activity declared in the AndroidManifest.xml cannot be found in the compile path: [com.allpoint.IntentReceiver]
10:12:37.734 [Worker-425] INFO  o.a.AndroidAnnotationProcessor:172 - AndroidManifest.xml found: AndroidManifest [applicationPackage=com.allpoint, componentQualifiedNames=[com.allpoint.activities.phone.HistoryActivity_, io.card.payment.CardIOActivity, io.card.payment.DataEntryActivity, com.urbanairship.actions.ActionActivity, com.urbanairship.CoreActivity, com.urbanairship.actions.LandingPageActivity, com.urbanairship.analytics.EventService, com.urbanairship.richpush.RichPushUpdateService, com.urbanairship.location.LocationService, com.urbanairship.push.PushService, com.urbanairship.push.PushService, com.urbanairship.analytics.EventService, com.urbanairship.actions.ActionService, com.urbanairship.richpush.RichPushUpdateService, com.urbanairship.location.LocationService, com.gimbal.internal.service.GimbalService, com.urbanairship.CoreReceiver, com.urbanairship.push.GCMPushReceiver, com.urbanairship.push.ADMPushReceiver, com.urbanairship.push.ADMPushReceiver, com.gimbal.internal.service.GimbalServiceStartStopReceiver, com.urbanairship.UrbanAirshipProvider, com.urbanairship.UrbanAirshipProvider], permissionQualifiedNames=[android.permission.CAMERA, android.permission.CALL_PHONE, android.permission.INTERNET, android.permission.ACCESS_NETWORK_STATE, android.permission.WRITE_EXTERNAL_STORAGE, com.google.android.providers.gsf.permission.READ_GSERVICES, android.permission.ACCESS_COARSE_LOCATION, android.permission.ACCESS_FINE_LOCATION, android.permission.RECEIVE_BOOT_COMPLETED, android.permission.WAKE_LOCK, android.permission.GET_ACCOUNTS, android.permission.READ_PHONE_STATE, android.permission.VIBRATE, com.android.vending.BILLING, android.permission.ACCESS_WIFI_STATE, com.android.browser.permission.READ_HISTORY_BOOKMARKS, com.allpoint.permission.UA_DATA, android.permission.GET_ACCOUNTS, com.google.android.c2dm.permission.RECEIVE, com.allpoint.permission.C2D_MESSAGE, com.amazon.device.messaging.permission.RECEIVE, com.allpoint.permission.RECEIVE_ADM_MESSAGE, android.permission.ACCESS_FINE_LOCATION, com.allpoint.permission.C2D_MESSAGE, com.google.android.c2dm.permission.RECEIVE], applicationClassName=null, libraryProject=false, debugabble=false, minSdkVersion=14, maxSdkVersion=-1, targetSdkVersion=19]
10:12:37.734 [Worker-425] INFO  o.a.r.ProjectRClassFinder:50 - Found project R class: com.allpoint.R
10:12:37.734 [Worker-425] INFO  o.a.r.AndroidRClassFinder:44 - Found Android class: android.R
10:12:37.734 [Worker-425] INFO  o.a.p.ModelValidator:42 - Validating elements
10:12:37.734 [Worker-425] DEBUG o.a.p.ModelValidator:62 - Validating with EActivityHandler: [com.allpoint.activities.phone.HistoryActivity]
10:12:37.734 [Worker-425] DEBUG o.a.p.ModelValidator:62 - Validating with ViewByIdHandler: [transactionButtonText, transactionButton, displayList, cardHistoryTitle, curSavingIs]
10:12:37.734 [Worker-425] DEBUG o.a.p.ModelValidator:62 - Validating with ClickHandler: [void onIbtnCancelClicked() ]
10:12:37.734 [Worker-425] DEBUG o.a.p.ModelValidator:62 - Validating with BeanHandler: [connectionManager]
10:12:37.750 [Worker-425] ERROR o.a.AndroidAnnotationProcessor:269 - Something went wront : Unexpected error in AndroidAnnotations 3.0.1!
You should check if there is already an issue about it on https://github.com/excilys/androidannotations/search?q=java.lang.NullPointerException&type=Issues
If none exists, please open a new one with the following content and tell us if you can reproduce it or not. Don't forget to give us as much information as you can (like parts of your code in failure).
Java version: unknown
Javac processors options: phase=BUILD
Stacktrace: java.lang.NullPointerException
	at org.androidannotations.helper.ValidatorHelper.elementHasAnnotationSafe(ValidatorHelper.java:348)
	at org.androidannotations.helper.ValidatorHelper.typeHasAnnotation(ValidatorHelper.java:326)
	at org.androidannotations.helper.ValidatorHelper.typeHasAnnotation(ValidatorHelper.java:321)
	at org.androidannotations.helper.ValidatorHelper.typeOrTargetValueHasAnnotation(ValidatorHelper.java:343)
	at org.androidannotations.handler.BeanHandler.validate(BeanHandler.java:56)
	at org.androidannotations.handler.BaseAnnotationHandler.validate(BaseAnnotationHandler.java:109)
	at org.androidannotations.process.ModelValidator.validateThrowing(ModelValidator.java:79)
	at org.androidannotations.process.ModelValidator.validate(ModelValidator.java:66)
	at org.androidannotations.AndroidAnnotationProcessor.validateAnnotations(AndroidAnnotationProcessor.java:235)
	at org.androidannotations.AndroidAnnotationProcessor.processThrowing(AndroidAnnotationProcessor.java:184)
	at org.androidannotations.AndroidAnnotationProcessor.process(AndroidAnnotationProcessor.java:114)
	at org.eclipse.jdt.internal.compiler.apt.dispatch.RoundDispatcher.handleProcessor(RoundDispatcher.java:139)
	at org.eclipse.jdt.internal.compiler.apt.dispatch.RoundDispatcher.round(RoundDispatcher.java:121)
	at org.eclipse.jdt.internal.compiler.apt.dispatch.BaseAnnotationProcessorManager.processAnnotations(BaseAnnotationProcessorManager.java:159)
	at org.eclipse.jdt.internal.apt.pluggable.core.dispatch.IdeAnnotationProcessorManager.processAnnotations(IdeAnnotationProcessorManager.java:134)
	at org.eclipse.jdt.internal.compiler.Compiler.processAnnotations(Compiler.java:820)
	at org.eclipse.jdt.internal.compiler.Compiler.compile(Compiler.java:434)
	at org.eclipse.jdt.internal.core.builder.AbstractImageBuilder.compile(AbstractImageBuilder.java:366)
	at org.eclipse.jdt.internal.core.builder.IncrementalImageBuilder.compile(IncrementalImageBuilder.java:329)
	at org.eclipse.jdt.internal.core.builder.AbstractImageBuilder.compile(AbstractImageBuilder.java:303)
	at org.eclipse.jdt.internal.core.builder.IncrementalImageBuilder.build(IncrementalImageBuilder.java:134)
	at org.eclipse.jdt.internal.core.builder.JavaBuilder.buildDeltas(JavaBuilder.java:265)
	at org.eclipse.jdt.internal.core.builder.JavaBuilder.build(JavaBuilder.java:193)
	at org.eclipse.core.internal.events.BuildManager$2.run(BuildManager.java:733)
	at org.eclipse.core.runtime.SafeRunner.run(SafeRunner.java:42)
	at org.eclipse.core.internal.events.BuildManager.basicBuild(BuildManager.java:206)
	at org.eclipse.core.internal.events.BuildManager.basicBuild(BuildManager.java:246)
	at org.eclipse.core.internal.events.BuildManager$1.run(BuildManager.java:299)
	at org.eclipse.core.runtime.SafeRunner.run(SafeRunner.java:42)
	at org.eclipse.core.internal.events.BuildManager.basicBuild(BuildManager.java:302)
	at org.eclipse.core.internal.events.BuildManager.basicBuildLoop(BuildManager.java:358)
	at org.eclipse.core.internal.events.BuildManager.build(BuildManager.java:381)
	at org.eclipse.core.internal.events.AutoBuildJob.doBuild(AutoBuildJob.java:143)
	at org.eclipse.core.internal.events.AutoBuildJob.run(AutoBuildJob.java:241)
	at org.eclipse.core.internal.jobs.Worker.run(Worker.java:53)
Thrown from: com.allpoint.activities.phone.HistoryActivity
Element (VariableElementImpl): connectionManager


10:12:37.750 [Worker-425] INFO  o.a.p.TimeStats:81 - Time measurements: [Whole Processing = 31 ms], [Extract Manifest = 15 ms], [Extract Annotations = 0 ms], [Find R Classes = 0 ms], 
10:12:37.750 [Worker-425] INFO  o.a.AndroidAnnotationProcessor:123 - Finish processing
